  Camera.cpp
c:\users\aaron\source\the_crucible\crucible_game\tile.h(123): warning C4244: 'argument': conversion from 'unsigned int' to 'float', possible loss of data
c:\users\aaron\source\the_crucible\crucible_game\ability.h(54): warning C4244: '=': conversion from 'float' to 'int', possible loss of data
c:\users\aaron\source\the_crucible\crucible_game\ability.h(55): warning C4244: '=': conversion from 'float' to 'int', possible loss of data
c:\users\aaron\source\the_crucible\crucible_game\ability.h(167): warning C4244: 'argument': conversion from 'int' to 'float', possible loss of data
c:\users\aaron\source\the_crucible\crucible_game\ability.h(198): warning C4244: 'argument': conversion from 'int' to 'float', possible loss of data
c:\users\aaron\source\the_crucible\crucible_game\ability.h(260): warning C4244: 'argument': conversion from 'unsigned int' to 'float', possible loss of data
c:\users\aaron\source\the_crucible\crucible_game\hud.h(52): warning C4267: '+=': conversion from 'size_t' to 'int', possible loss of data
c:\users\aaron\source\the_crucible\crucible_game\hud.h(56): warning C4267: '+=': conversion from 'size_t' to 'int', possible loss of data
c:\users\aaron\source\the_crucible\crucible_game\hud.h(60): warning C4267: '=': conversion from 'size_t' to 'int', possible loss of data
c:\users\aaron\source\the_crucible\crucible_game\hud.h(124): warning C4267: 'argument': conversion from 'size_t' to 'int', possible loss of data
c:\users\aaron\source\the_crucible\crucible_game\hud.h(733): warning C4267: '=': conversion from 'size_t' to 'int', possible loss of data
c:\users\aaron\source\the_crucible\crucible_game\hud.h(736): warning C4267: '=': conversion from 'size_t' to 'int', possible loss of data
c:\users\aaron\source\the_crucible\crucible_game\hud.h(804): warning C4244: 'argument': conversion from 'float' to 'int', possible loss of data
c:\users\aaron\source\the_crucible\crucible_game\hud.h(826): warning C4244: 'argument': conversion from 'unsigned int' to 'float', possible loss of data
c:\users\aaron\source\the_crucible\crucible_game\hud.h(831): warning C4244: 'argument': conversion from 'unsigned int' to 'float', possible loss of data
c:\users\aaron\source\the_crucible\crucible_game\hud.h(841): warning C4244: 'argument': conversion from 'unsigned int' to 'float', possible loss of data
c:\users\aaron\source\the_crucible\crucible_game\player.h(190): warning C4244: 'argument': conversion from 'unsigned int' to 'float', possible loss of data
c:\users\aaron\source\the_crucible\crucible_game\player.h(208): warning C4244: 'argument': conversion from 'unsigned int' to 'float', possible loss of data
c:\users\aaron\source\the_crucible\crucible_game\player.h(209): warning C4244: 'argument': conversion from 'const unsigned int' to 'float', possible loss of data
c:\users\aaron\source\the_crucible\crucible_game\player.h(219): warning C4244: 'argument': conversion from 'unsigned int' to 'float', possible loss of data
c:\users\aaron\source\the_crucible\crucible_game\player.h(240): warning C4244: '=': conversion from 'unsigned __int64' to 'float', possible loss of data
c:\users\aaron\source\the_crucible\crucible_game\camera.h(35): warning C4244: 'argument': conversion from 'unsigned int' to 'float', possible loss of data
c:\users\aaron\source\the_crucible\crucible_game\camera.h(36): warning C4244: 'argument': conversion from 'const unsigned int' to 'float', possible loss of data
  ExploreState.cpp
c:\users\aaron\source\the_crucible\crucible_game\tile.h(123): warning C4244: 'argument': conversion from 'unsigned int' to 'float', possible loss of data
c:\users\aaron\source\the_crucible\crucible_game\gamestate.h(19): warning C4244: 'argument': conversion from 'unsigned int' to 'float', possible loss of data
c:\users\aaron\source\the_crucible\crucible_game\gamestate.h(20): warning C4244: 'argument': conversion from 'const unsigned int' to 'float', possible loss of data
c:\users\aaron\source\the_crucible\crucible_game\ability.h(54): warning C4244: '=': conversion from 'float' to 'int', possible loss of data
c:\users\aaron\source\the_crucible\crucible_game\ability.h(55): warning C4244: '=': conversion from 'float' to 'int', possible loss of data
c:\users\aaron\source\the_crucible\crucible_game\ability.h(167): warning C4244: 'argument': conversion from 'int' to 'float', possible loss of data
c:\users\aaron\source\the_crucible\crucible_game\ability.h(198): warning C4244: 'argument': conversion from 'int' to 'float', possible loss of data
c:\users\aaron\source\the_crucible\crucible_game\ability.h(260): warning C4244: 'argument': conversion from 'unsigned int' to 'float', possible loss of data
c:\users\aaron\source\the_crucible\crucible_game\hud.h(52): warning C4267: '+=': conversion from 'size_t' to 'int', possible loss of data
c:\users\aaron\source\the_crucible\crucible_game\hud.h(56): warning C4267: '+=': conversion from 'size_t' to 'int', possible loss of data
c:\users\aaron\source\the_crucible\crucible_game\hud.h(60): warning C4267: '=': conversion from 'size_t' to 'int', possible loss of data
c:\users\aaron\source\the_crucible\crucible_game\hud.h(124): warning C4267: 'argument': conversion from 'size_t' to 'int', possible loss of data
c:\users\aaron\source\the_crucible\crucible_game\hud.h(733): warning C4267: '=': conversion from 'size_t' to 'int', possible loss of data
c:\users\aaron\source\the_crucible\crucible_game\hud.h(736): warning C4267: '=': conversion from 'size_t' to 'int', possible loss of data
c:\users\aaron\source\the_crucible\crucible_game\hud.h(804): warning C4244: 'argument': conversion from 'float' to 'int', possible loss of data
c:\users\aaron\source\the_crucible\crucible_game\hud.h(826): warning C4244: 'argument': conversion from 'unsigned int' to 'float', possible loss of data
c:\users\aaron\source\the_crucible\crucible_game\hud.h(831): warning C4244: 'argument': conversion from 'unsigned int' to 'float', possible loss of data
c:\users\aaron\source\the_crucible\crucible_game\hud.h(841): warning C4244: 'argument': conversion from 'unsigned int' to 'float', possible loss of data
c:\users\aaron\source\the_crucible\crucible_game\player.h(190): warning C4244: 'argument': conversion from 'unsigned int' to 'float', possible loss of data
c:\users\aaron\source\the_crucible\crucible_game\player.h(208): warning C4244: 'argument': conversion from 'unsigned int' to 'float', possible loss of data
c:\users\aaron\source\the_crucible\crucible_game\player.h(209): warning C4244: 'argument': conversion from 'const unsigned int' to 'float', possible loss of data
c:\users\aaron\source\the_crucible\crucible_game\player.h(219): warning C4244: 'argument': conversion from 'unsigned int' to 'float', possible loss of data
c:\users\aaron\source\the_crucible\crucible_game\player.h(240): warning C4244: '=': conversion from 'unsigned __int64' to 'float', possible loss of data
c:\users\aaron\source\the_crucible\crucible_game\gui.h(56): warning C4244: 'argument': conversion from 'float' to 'int', possible loss of data
c:\users\aaron\source\the_crucible\crucible_game\gui.h(56): warning C4244: 'argument': conversion from 'const float' to 'int', possible loss of data
c:\users\aaron\source\the_crucible\crucible_game\gui.h(126): warning C4244: 'argument': conversion from 'float' to 'unsigned int', possible loss of data
c:\users\aaron\source\the_crucible\crucible_game\camera.h(35): warning C4244: 'argument': conversion from 'unsigned int' to 'float', possible loss of data
c:\users\aaron\source\the_crucible\crucible_game\camera.h(36): warning C4244: 'argument': conversion from 'const unsigned int' to 'float', possible loss of data
c:\users\aaron\source\the_crucible\crucible_game\pathfinder.h(85): warning C4244: 'initializing': conversion from 'std::numeric_limits<int>::_Ty' to 'float', possible loss of data
c:\users\aaron\source\the_crucible\crucible_game\pathfinder.h(92): warning C4244: '=': conversion from 'int' to 'float', possible loss of data
c:\users\aaron\source\the_crucible\crucible_game\pathfinder.h(99): warning C4244: 'initializing': conversion from 'std::numeric_limits<int>::_Ty' to 'float', possible loss of data
c:\users\aaron\source\the_crucible\crucible_game\pathfinder.h(106): warning C4244: '=': conversion from 'int' to 'float', possible loss of data
c:\users\aaron\source\the_crucible\crucible_game\pathfinder.h(161): warning C4244: 'initializing': conversion from 'int' to 'float', possible loss of data
c:\users\aaron\source\the_crucible\crucible_game\loot.h(19): warning C4244: 'argument': conversion from 'int' to 'float', possible loss of data
c:\users\aaron\source\the_crucible\crucible_game\loot.h(23): warning C4244: 'argument': conversion from 'int' to 'float', possible loss of data
c:\users\aaron\source\the_crucible\crucible_game\explorestate.cpp(13): warning C4305: 'argument': truncation from 'double' to 'float'
c:\users\aaron\source\the_crucible\crucible_game\explorestate.cpp(142): warning C4244: 'argument': conversion from 'unsigned int' to 'float', possible loss of data
c:\program files (x86)\microsoft visual studio\2017\enterprise\vc\tools\msvc\14.13.26128\include\utility(201): warning C4244: 'initializing': conversion from 'int' to 'float', possible loss of data
  c:\users\aaron\source\the_crucible\crucible_game\explorestate.cpp(91): note: see reference to function template instantiation 'std::pair<bool,float>::pair<bool,int,0>(_Other1 &&,_Other2 &&) noexcept' being compiled
          with
          [
              _Other1=bool,
              _Other2=int
          ]
  c:\users\aaron\source\the_crucible\crucible_game\explorestate.cpp(91): note: see reference to function template instantiation 'std::pair<bool,float>::pair<bool,int,0>(_Other1 &&,_Other2 &&) noexcept' being compiled
          with
          [
              _Other1=bool,
              _Other2=int
          ]
  Main.cpp
c:\users\aaron\source\the_crucible\crucible_game\tile.h(123): warning C4244: 'argument': conversion from 'unsigned int' to 'float', possible loss of data
c:\users\aaron\source\the_crucible\crucible_game\gamestate.h(19): warning C4244: 'argument': conversion from 'unsigned int' to 'float', possible loss of data
c:\users\aaron\source\the_crucible\crucible_game\gamestate.h(20): warning C4244: 'argument': conversion from 'const unsigned int' to 'float', possible loss of data
c:\users\aaron\source\the_crucible\crucible_game\ability.h(54): warning C4244: '=': conversion from 'float' to 'int', possible loss of data
c:\users\aaron\source\the_crucible\crucible_game\ability.h(55): warning C4244: '=': conversion from 'float' to 'int', possible loss of data
c:\users\aaron\source\the_crucible\crucible_game\ability.h(167): warning C4244: 'argument': conversion from 'int' to 'float', possible loss of data
c:\users\aaron\source\the_crucible\crucible_game\ability.h(198): warning C4244: 'argument': conversion from 'int' to 'float', possible loss of data
c:\users\aaron\source\the_crucible\crucible_game\ability.h(260): warning C4244: 'argument': conversion from 'unsigned int' to 'float', possible loss of data
c:\users\aaron\source\the_crucible\crucible_game\hud.h(52): warning C4267: '+=': conversion from 'size_t' to 'int', possible loss of data
c:\users\aaron\source\the_crucible\crucible_game\hud.h(56): warning C4267: '+=': conversion from 'size_t' to 'int', possible loss of data
c:\users\aaron\source\the_crucible\crucible_game\hud.h(60): warning C4267: '=': conversion from 'size_t' to 'int', possible loss of data
c:\users\aaron\source\the_crucible\crucible_game\hud.h(124): warning C4267: 'argument': conversion from 'size_t' to 'int', possible loss of data
c:\users\aaron\source\the_crucible\crucible_game\hud.h(733): warning C4267: '=': conversion from 'size_t' to 'int', possible loss of data
c:\users\aaron\source\the_crucible\crucible_game\hud.h(736): warning C4267: '=': conversion from 'size_t' to 'int', possible loss of data
c:\users\aaron\source\the_crucible\crucible_game\hud.h(804): warning C4244: 'argument': conversion from 'float' to 'int', possible loss of data
c:\users\aaron\source\the_crucible\crucible_game\hud.h(826): warning C4244: 'argument': conversion from 'unsigned int' to 'float', possible loss of data
c:\users\aaron\source\the_crucible\crucible_game\hud.h(831): warning C4244: 'argument': conversion from 'unsigned int' to 'float', possible loss of data
c:\users\aaron\source\the_crucible\crucible_game\hud.h(841): warning C4244: 'argument': conversion from 'unsigned int' to 'float', possible loss of data
c:\users\aaron\source\the_crucible\crucible_game\player.h(190): warning C4244: 'argument': conversion from 'unsigned int' to 'float', possible loss of data
c:\users\aaron\source\the_crucible\crucible_game\player.h(208): warning C4244: 'argument': conversion from 'unsigned int' to 'float', possible loss of data
c:\users\aaron\source\the_crucible\crucible_game\player.h(209): warning C4244: 'argument': conversion from 'const unsigned int' to 'float', possible loss of data
c:\users\aaron\source\the_crucible\crucible_game\player.h(219): warning C4244: 'argument': conversion from 'unsigned int' to 'float', possible loss of data
c:\users\aaron\source\the_crucible\crucible_game\player.h(240): warning C4244: '=': conversion from 'unsigned __int64' to 'float', possible loss of data
c:\users\aaron\source\the_crucible\crucible_game\gui.h(56): warning C4244: 'argument': conversion from 'float' to 'int', possible loss of data
c:\users\aaron\source\the_crucible\crucible_game\gui.h(56): warning C4244: 'argument': conversion from 'const float' to 'int', possible loss of data
c:\users\aaron\source\the_crucible\crucible_game\gui.h(126): warning C4244: 'argument': conversion from 'float' to 'unsigned int', possible loss of data
c:\users\aaron\source\the_crucible\crucible_game\camera.h(35): warning C4244: 'argument': conversion from 'unsigned int' to 'float', possible loss of data
c:\users\aaron\source\the_crucible\crucible_game\camera.h(36): warning C4244: 'argument': conversion from 'const unsigned int' to 'float', possible loss of data
c:\users\aaron\source\the_crucible\crucible_game\pathfinder.h(85): warning C4244: 'initializing': conversion from 'std::numeric_limits<int>::_Ty' to 'float', possible loss of data
c:\users\aaron\source\the_crucible\crucible_game\pathfinder.h(92): warning C4244: '=': conversion from 'int' to 'float', possible loss of data
c:\users\aaron\source\the_crucible\crucible_game\pathfinder.h(99): warning C4244: 'initializing': conversion from 'std::numeric_limits<int>::_Ty' to 'float', possible loss of data
c:\users\aaron\source\the_crucible\crucible_game\pathfinder.h(106): warning C4244: '=': conversion from 'int' to 'float', possible loss of data
c:\users\aaron\source\the_crucible\crucible_game\pathfinder.h(161): warning C4244: 'initializing': conversion from 'int' to 'float', possible loss of data
c:\users\aaron\source\the_crucible\crucible_game\loot.h(19): warning C4244: 'argument': conversion from 'int' to 'float', possible loss of data
c:\users\aaron\source\the_crucible\crucible_game\loot.h(23): warning C4244: 'argument': conversion from 'int' to 'float', possible loss of data
  Map.cpp
c:\users\aaron\source\the_crucible\crucible_game\tile.h(123): warning C4244: 'argument': conversion from 'unsigned int' to 'float', possible loss of data
c:\users\aaron\source\the_crucible\crucible_game\gui.h(56): warning C4244: 'argument': conversion from 'float' to 'int', possible loss of data
c:\users\aaron\source\the_crucible\crucible_game\gui.h(56): warning C4244: 'argument': conversion from 'const float' to 'int', possible loss of data
c:\users\aaron\source\the_crucible\crucible_game\gui.h(126): warning C4244: 'argument': conversion from 'float' to 'unsigned int', possible loss of data
c:\users\aaron\source\the_crucible\crucible_game\ability.h(54): warning C4244: '=': conversion from 'float' to 'int', possible loss of data
c:\users\aaron\source\the_crucible\crucible_game\ability.h(55): warning C4244: '=': conversion from 'float' to 'int', possible loss of data
c:\users\aaron\source\the_crucible\crucible_game\ability.h(167): warning C4244: 'argument': conversion from 'int' to 'float', possible loss of data
c:\users\aaron\source\the_crucible\crucible_game\ability.h(198): warning C4244: 'argument': conversion from 'int' to 'float', possible loss of data
c:\users\aaron\source\the_crucible\crucible_game\ability.h(260): warning C4244: 'argument': conversion from 'unsigned int' to 'float', possible loss of data
c:\users\aaron\source\the_crucible\crucible_game\hud.h(52): warning C4267: '+=': conversion from 'size_t' to 'int', possible loss of data
c:\users\aaron\source\the_crucible\crucible_game\hud.h(56): warning C4267: '+=': conversion from 'size_t' to 'int', possible loss of data
c:\users\aaron\source\the_crucible\crucible_game\hud.h(60): warning C4267: '=': conversion from 'size_t' to 'int', possible loss of data
c:\users\aaron\source\the_crucible\crucible_game\hud.h(124): warning C4267: 'argument': conversion from 'size_t' to 'int', possible loss of data
c:\users\aaron\source\the_crucible\crucible_game\hud.h(733): warning C4267: '=': conversion from 'size_t' to 'int', possible loss of data
c:\users\aaron\source\the_crucible\crucible_game\hud.h(736): warning C4267: '=': conversion from 'size_t' to 'int', possible loss of data
c:\users\aaron\source\the_crucible\crucible_game\hud.h(804): warning C4244: 'argument': conversion from 'float' to 'int', possible loss of data
c:\users\aaron\source\the_crucible\crucible_game\hud.h(826): warning C4244: 'argument': conversion from 'unsigned int' to 'float', possible loss of data
c:\users\aaron\source\the_crucible\crucible_game\hud.h(831): warning C4244: 'argument': conversion from 'unsigned int' to 'float', possible loss of data
c:\users\aaron\source\the_crucible\crucible_game\hud.h(841): warning C4244: 'argument': conversion from 'unsigned int' to 'float', possible loss of data
c:\users\aaron\source\the_crucible\crucible_game\player.h(190): warning C4244: 'argument': conversion from 'unsigned int' to 'float', possible loss of data
c:\users\aaron\source\the_crucible\crucible_game\player.h(208): warning C4244: 'argument': conversion from 'unsigned int' to 'float', possible loss of data
c:\users\aaron\source\the_crucible\crucible_game\player.h(209): warning C4244: 'argument': conversion from 'const unsigned int' to 'float', possible loss of data
c:\users\aaron\source\the_crucible\crucible_game\player.h(219): warning C4244: 'argument': conversion from 'unsigned int' to 'float', possible loss of data
c:\users\aaron\source\the_crucible\crucible_game\player.h(240): warning C4244: '=': conversion from 'unsigned __int64' to 'float', possible loss of data
c:\users\aaron\source\the_crucible\crucible_game\camera.h(35): warning C4244: 'argument': conversion from 'unsigned int' to 'float', possible loss of data
c:\users\aaron\source\the_crucible\crucible_game\camera.h(36): warning C4244: 'argument': conversion from 'const unsigned int' to 'float', possible loss of data
c:\users\aaron\source\the_crucible\crucible_game\pathfinder.h(85): warning C4244: 'initializing': conversion from 'std::numeric_limits<int>::_Ty' to 'float', possible loss of data
c:\users\aaron\source\the_crucible\crucible_game\pathfinder.h(92): warning C4244: '=': conversion from 'int' to 'float', possible loss of data
c:\users\aaron\source\the_crucible\crucible_game\pathfinder.h(99): warning C4244: 'initializing': conversion from 'std::numeric_limits<int>::_Ty' to 'float', possible loss of data
c:\users\aaron\source\the_crucible\crucible_game\pathfinder.h(106): warning C4244: '=': conversion from 'int' to 'float', possible loss of data
c:\users\aaron\source\the_crucible\crucible_game\pathfinder.h(161): warning C4244: 'initializing': conversion from 'int' to 'float', possible loss of data
c:\users\aaron\source\the_crucible\crucible_game\loot.h(19): warning C4244: 'argument': conversion from 'int' to 'float', possible loss of data
c:\users\aaron\source\the_crucible\crucible_game\loot.h(23): warning C4244: 'argument': conversion from 'int' to 'float', possible loss of data
c:\users\aaron\source\the_crucible\crucible_game\dungeon.h(160): warning C4267: 'argument': conversion from 'size_t' to 'int', possible loss of data
c:\users\aaron\source\the_crucible\crucible_game\dungeon.h(389): warning C4267: 'argument': conversion from 'size_t' to 'int', possible loss of data
c:\users\aaron\source\the_crucible\crucible_game\map.cpp(49): warning C4244: 'initializing': conversion from 'float' to 'int', possible loss of data
c:\users\aaron\source\the_crucible\crucible_game\map.cpp(51): warning C4244: 'initializing': conversion from 'float' to 'int', possible loss of data
c:\users\aaron\source\the_crucible\crucible_game\map.cpp(68): warning C4244: 'initializing': conversion from 'float' to 'int', possible loss of data
c:\users\aaron\source\the_crucible\crucible_game\map.cpp(70): warning C4244: 'initializing': conversion from 'float' to 'int', possible loss of data
c:\users\aaron\source\the_crucible\crucible_game\map.cpp(91): warning C4244: '=': conversion from 'float' to 'int', possible loss of data
c:\users\aaron\source\the_crucible\crucible_game\map.cpp(92): warning C4244: '=': conversion from 'float' to 'int', possible loss of data
c:\users\aaron\source\the_crucible\crucible_game\map.cpp(96): warning C4244: '=': conversion from 'int' to 'float', possible loss of data
c:\users\aaron\source\the_crucible\crucible_game\map.cpp(123): warning C4101: 'loot': unreferenced local variable
c:\users\aaron\source\the_crucible\crucible_game\map.cpp(144): warning C4244: 'argument': conversion from 'double' to 'float', possible loss of data
c:\users\aaron\source\the_crucible\crucible_game\map.cpp(144): warning C4244: 'argument': conversion from 'unsigned int' to 'float', possible loss of data
c:\users\aaron\source\the_crucible\crucible_game\map.cpp(146): warning C4244: 'argument': conversion from 'unsigned int' to 'float', possible loss of data
c:\users\aaron\source\the_crucible\crucible_game\map.cpp(157): warning C4244: 'argument': conversion from 'double' to 'float', possible loss of data
c:\users\aaron\source\the_crucible\crucible_game\map.cpp(157): warning C4244: 'argument': conversion from 'unsigned int' to 'float', possible loss of data
c:\users\aaron\source\the_crucible\crucible_game\map.cpp(184): warning C4244: 'argument': conversion from 'unsigned int' to 'float', possible loss of data
c:\users\aaron\source\the_crucible\crucible_game\map.cpp(224): warning C4244: '=': conversion from 'float' to 'int', possible loss of data
c:\users\aaron\source\the_crucible\crucible_game\map.cpp(225): warning C4244: '=': conversion from 'float' to 'int', possible loss of data
c:\users\aaron\source\the_crucible\crucible_game\map.cpp(297): warning C4244: 'argument': conversion from 'double' to 'float', possible loss of data
c:\users\aaron\source\the_crucible\crucible_game\map.cpp(297): warning C4244: 'argument': conversion from 'unsigned int' to 'float', possible loss of data
c:\users\aaron\source\the_crucible\crucible_game\map.cpp(300): warning C4244: 'argument': conversion from 'double' to 'float', possible loss of data
c:\users\aaron\source\the_crucible\crucible_game\map.cpp(300): warning C4244: 'argument': conversion from 'unsigned int' to 'float', possible loss of data
  MenuState.cpp
c:\users\aaron\source\the_crucible\crucible_game\tile.h(123): warning C4244: 'argument': conversion from 'unsigned int' to 'float', possible loss of data
c:\users\aaron\source\the_crucible\crucible_game\gamestate.h(19): warning C4244: 'argument': conversion from 'unsigned int' to 'float', possible loss of data
c:\users\aaron\source\the_crucible\crucible_game\gamestate.h(20): warning C4244: 'argument': conversion from 'const unsigned int' to 'float', possible loss of data
c:\users\aaron\source\the_crucible\crucible_game\gui.h(56): warning C4244: 'argument': conversion from 'float' to 'int', possible loss of data
c:\users\aaron\source\the_crucible\crucible_game\gui.h(56): warning C4244: 'argument': conversion from 'const float' to 'int', possible loss of data
c:\users\aaron\source\the_crucible\crucible_game\gui.h(126): warning C4244: 'argument': conversion from 'float' to 'unsigned int', possible loss of data
c:\users\aaron\source\the_crucible\crucible_game\ability.h(54): warning C4244: '=': conversion from 'float' to 'int', possible loss of data
c:\users\aaron\source\the_crucible\crucible_game\ability.h(55): warning C4244: '=': conversion from 'float' to 'int', possible loss of data
c:\users\aaron\source\the_crucible\crucible_game\ability.h(167): warning C4244: 'argument': conversion from 'int' to 'float', possible loss of data
c:\users\aaron\source\the_crucible\crucible_game\ability.h(198): warning C4244: 'argument': conversion from 'int' to 'float', possible loss of data
c:\users\aaron\source\the_crucible\crucible_game\ability.h(260): warning C4244: 'argument': conversion from 'unsigned int' to 'float', possible loss of data
c:\users\aaron\source\the_crucible\crucible_game\hud.h(52): warning C4267: '+=': conversion from 'size_t' to 'int', possible loss of data
c:\users\aaron\source\the_crucible\crucible_game\hud.h(56): warning C4267: '+=': conversion from 'size_t' to 'int', possible loss of data
c:\users\aaron\source\the_crucible\crucible_game\hud.h(60): warning C4267: '=': conversion from 'size_t' to 'int', possible loss of data
c:\users\aaron\source\the_crucible\crucible_game\hud.h(124): warning C4267: 'argument': conversion from 'size_t' to 'int', possible loss of data
c:\users\aaron\source\the_crucible\crucible_game\hud.h(733): warning C4267: '=': conversion from 'size_t' to 'int', possible loss of data
c:\users\aaron\source\the_crucible\crucible_game\hud.h(736): warning C4267: '=': conversion from 'size_t' to 'int', possible loss of data
c:\users\aaron\source\the_crucible\crucible_game\hud.h(804): warning C4244: 'argument': conversion from 'float' to 'int', possible loss of data
c:\users\aaron\source\the_crucible\crucible_game\hud.h(826): warning C4244: 'argument': conversion from 'unsigned int' to 'float', possible loss of data
c:\users\aaron\source\the_crucible\crucible_game\hud.h(831): warning C4244: 'argument': conversion from 'unsigned int' to 'float', possible loss of data
c:\users\aaron\source\the_crucible\crucible_game\hud.h(841): warning C4244: 'argument': conversion from 'unsigned int' to 'float', possible loss of data
c:\users\aaron\source\the_crucible\crucible_game\player.h(190): warning C4244: 'argument': conversion from 'unsigned int' to 'float', possible loss of data
c:\users\aaron\source\the_crucible\crucible_game\player.h(208): warning C4244: 'argument': conversion from 'unsigned int' to 'float', possible loss of data
c:\users\aaron\source\the_crucible\crucible_game\player.h(209): warning C4244: 'argument': conversion from 'const unsigned int' to 'float', possible loss of data
c:\users\aaron\source\the_crucible\crucible_game\player.h(219): warning C4244: 'argument': conversion from 'unsigned int' to 'float', possible loss of data
c:\users\aaron\source\the_crucible\crucible_game\player.h(240): warning C4244: '=': conversion from 'unsigned __int64' to 'float', possible loss of data
c:\users\aaron\source\the_crucible\crucible_game\camera.h(35): warning C4244: 'argument': conversion from 'unsigned int' to 'float', possible loss of data
c:\users\aaron\source\the_crucible\crucible_game\camera.h(36): warning C4244: 'argument': conversion from 'const unsigned int' to 'float', possible loss of data
c:\users\aaron\source\the_crucible\crucible_game\pathfinder.h(85): warning C4244: 'initializing': conversion from 'std::numeric_limits<int>::_Ty' to 'float', possible loss of data
c:\users\aaron\source\the_crucible\crucible_game\pathfinder.h(92): warning C4244: '=': conversion from 'int' to 'float', possible loss of data
c:\users\aaron\source\the_crucible\crucible_game\pathfinder.h(99): warning C4244: 'initializing': conversion from 'std::numeric_limits<int>::_Ty' to 'float', possible loss of data
c:\users\aaron\source\the_crucible\crucible_game\pathfinder.h(106): warning C4244: '=': conversion from 'int' to 'float', possible loss of data
c:\users\aaron\source\the_crucible\crucible_game\pathfinder.h(161): warning C4244: 'initializing': conversion from 'int' to 'float', possible loss of data
c:\users\aaron\source\the_crucible\crucible_game\loot.h(19): warning C4244: 'argument': conversion from 'int' to 'float', possible loss of data
c:\users\aaron\source\the_crucible\crucible_game\loot.h(23): warning C4244: 'argument': conversion from 'int' to 'float', possible loss of data
c:\users\aaron\source\the_crucible\crucible_game\menustate.cpp(54): warning C4244: 'argument': conversion from 'unsigned int' to 'float', possible loss of data
  Player.cpp
c:\users\aaron\source\the_crucible\crucible_game\tile.h(123): warning C4244: 'argument': conversion from 'unsigned int' to 'float', possible loss of data
c:\users\aaron\source\the_crucible\crucible_game\ability.h(54): warning C4244: '=': conversion from 'float' to 'int', possible loss of data
c:\users\aaron\source\the_crucible\crucible_game\ability.h(55): warning C4244: '=': conversion from 'float' to 'int', possible loss of data
c:\users\aaron\source\the_crucible\crucible_game\ability.h(167): warning C4244: 'argument': conversion from 'int' to 'float', possible loss of data
c:\users\aaron\source\the_crucible\crucible_game\ability.h(198): warning C4244: 'argument': conversion from 'int' to 'float', possible loss of data
c:\users\aaron\source\the_crucible\crucible_game\ability.h(260): warning C4244: 'argument': conversion from 'unsigned int' to 'float', possible loss of data
c:\users\aaron\source\the_crucible\crucible_game\hud.h(52): warning C4267: '+=': conversion from 'size_t' to 'int', possible loss of data
c:\users\aaron\source\the_crucible\crucible_game\hud.h(56): warning C4267: '+=': conversion from 'size_t' to 'int', possible loss of data
c:\users\aaron\source\the_crucible\crucible_game\hud.h(60): warning C4267: '=': conversion from 'size_t' to 'int', possible loss of data
c:\users\aaron\source\the_crucible\crucible_game\hud.h(124): warning C4267: 'argument': conversion from 'size_t' to 'int', possible loss of data
c:\users\aaron\source\the_crucible\crucible_game\hud.h(733): warning C4267: '=': conversion from 'size_t' to 'int', possible loss of data
c:\users\aaron\source\the_crucible\crucible_game\hud.h(736): warning C4267: '=': conversion from 'size_t' to 'int', possible loss of data
c:\users\aaron\source\the_crucible\crucible_game\hud.h(804): warning C4244: 'argument': conversion from 'float' to 'int', possible loss of data
c:\users\aaron\source\the_crucible\crucible_game\hud.h(826): warning C4244: 'argument': conversion from 'unsigned int' to 'float', possible loss of data
c:\users\aaron\source\the_crucible\crucible_game\hud.h(831): warning C4244: 'argument': conversion from 'unsigned int' to 'float', possible loss of data
c:\users\aaron\source\the_crucible\crucible_game\hud.h(841): warning C4244: 'argument': conversion from 'unsigned int' to 'float', possible loss of data
c:\users\aaron\source\the_crucible\crucible_game\player.h(190): warning C4244: 'argument': conversion from 'unsigned int' to 'float', possible loss of data
c:\users\aaron\source\the_crucible\crucible_game\player.h(208): warning C4244: 'argument': conversion from 'unsigned int' to 'float', possible loss of data
c:\users\aaron\source\the_crucible\crucible_game\player.h(209): warning C4244: 'argument': conversion from 'const unsigned int' to 'float', possible loss of data
c:\users\aaron\source\the_crucible\crucible_game\player.h(219): warning C4244: 'argument': conversion from 'unsigned int' to 'float', possible loss of data
c:\users\aaron\source\the_crucible\crucible_game\player.h(240): warning C4244: '=': conversion from 'unsigned __int64' to 'float', possible loss of data
c:\users\aaron\source\the_crucible\crucible_game\player.cpp(3): warning C4005: 'TILE_SIZE': macro redefinition
  c:\users\aaron\source\the_crucible\crucible_game\tile.h(70): note: see previous definition of 'TILE_SIZE'
c:\users\aaron\source\the_crucible\crucible_game\player.cpp(15): warning C4244: '=': conversion from 'unsigned int' to 'float', possible loss of data
c:\users\aaron\source\the_crucible\crucible_game\player.cpp(25): warning C4244: '=': conversion from 'int' to 'float', possible loss of data
c:\users\aaron\source\the_crucible\crucible_game\player.cpp(213): warning C4244: 'argument': conversion from 'unsigned int' to 'float', possible loss of data
c:\users\aaron\source\the_crucible\crucible_game\player.cpp(246): warning C4244: 'argument': conversion from 'unsigned int' to 'float', possible loss of data
c:\users\aaron\source\the_crucible\crucible_game\player.cpp(306): warning C4101: 'fY': unreferenced local variable
c:\users\aaron\source\the_crucible\crucible_game\player.cpp(306): warning C4101: 'fX': unreferenced local variable
c:\users\aaron\source\the_crucible\crucible_game\player.cpp(320): warning C4244: '=': conversion from 'float' to 'int', possible loss of data
c:\users\aaron\source\the_crucible\crucible_game\player.cpp(321): warning C4244: '=': conversion from 'float' to 'int', possible loss of data
  TestState.cpp
c:\users\aaron\source\the_crucible\crucible_game\tile.h(123): warning C4244: 'argument': conversion from 'unsigned int' to 'float', possible loss of data
c:\users\aaron\source\the_crucible\crucible_game\gamestate.h(19): warning C4244: 'argument': conversion from 'unsigned int' to 'float', possible loss of data
c:\users\aaron\source\the_crucible\crucible_game\gamestate.h(20): warning C4244: 'argument': conversion from 'const unsigned int' to 'float', possible loss of data
c:\users\aaron\source\the_crucible\crucible_game\ability.h(54): warning C4244: '=': conversion from 'float' to 'int', possible loss of data
c:\users\aaron\source\the_crucible\crucible_game\ability.h(55): warning C4244: '=': conversion from 'float' to 'int', possible loss of data
c:\users\aaron\source\the_crucible\crucible_game\ability.h(167): warning C4244: 'argument': conversion from 'int' to 'float', possible loss of data
c:\users\aaron\source\the_crucible\crucible_game\ability.h(198): warning C4244: 'argument': conversion from 'int' to 'float', possible loss of data
c:\users\aaron\source\the_crucible\crucible_game\ability.h(260): warning C4244: 'argument': conversion from 'unsigned int' to 'float', possible loss of data
c:\users\aaron\source\the_crucible\crucible_game\hud.h(52): warning C4267: '+=': conversion from 'size_t' to 'int', possible loss of data
c:\users\aaron\source\the_crucible\crucible_game\hud.h(56): warning C4267: '+=': conversion from 'size_t' to 'int', possible loss of data
c:\users\aaron\source\the_crucible\crucible_game\hud.h(60): warning C4267: '=': conversion from 'size_t' to 'int', possible loss of data
c:\users\aaron\source\the_crucible\crucible_game\hud.h(124): warning C4267: 'argument': conversion from 'size_t' to 'int', possible loss of data
c:\users\aaron\source\the_crucible\crucible_game\hud.h(733): warning C4267: '=': conversion from 'size_t' to 'int', possible loss of data
c:\users\aaron\source\the_crucible\crucible_game\hud.h(736): warning C4267: '=': conversion from 'size_t' to 'int', possible loss of data
c:\users\aaron\source\the_crucible\crucible_game\hud.h(804): warning C4244: 'argument': conversion from 'float' to 'int', possible loss of data
c:\users\aaron\source\the_crucible\crucible_game\hud.h(826): warning C4244: 'argument': conversion from 'unsigned int' to 'float', possible loss of data
c:\users\aaron\source\the_crucible\crucible_game\hud.h(831): warning C4244: 'argument': conversion from 'unsigned int' to 'float', possible loss of data
c:\users\aaron\source\the_crucible\crucible_game\hud.h(841): warning C4244: 'argument': conversion from 'unsigned int' to 'float', possible loss of data
c:\users\aaron\source\the_crucible\crucible_game\player.h(190): warning C4244: 'argument': conversion from 'unsigned int' to 'float', possible loss of data
c:\users\aaron\source\the_crucible\crucible_game\player.h(208): warning C4244: 'argument': conversion from 'unsigned int' to 'float', possible loss of data
c:\users\aaron\source\the_crucible\crucible_game\player.h(209): warning C4244: 'argument': conversion from 'const unsigned int' to 'float', possible loss of data
c:\users\aaron\source\the_crucible\crucible_game\player.h(219): warning C4244: 'argument': conversion from 'unsigned int' to 'float', possible loss of data
c:\users\aaron\source\the_crucible\crucible_game\player.h(240): warning C4244: '=': conversion from 'unsigned __int64' to 'float', possible loss of data
c:\users\aaron\source\the_crucible\crucible_game\gui.h(56): warning C4244: 'argument': conversion from 'float' to 'int', possible loss of data
c:\users\aaron\source\the_crucible\crucible_game\gui.h(56): warning C4244: 'argument': conversion from 'const float' to 'int', possible loss of data
c:\users\aaron\source\the_crucible\crucible_game\gui.h(126): warning C4244: 'argument': conversion from 'float' to 'unsigned int', possible loss of data
c:\users\aaron\source\the_crucible\crucible_game\camera.h(35): warning C4244: 'argument': conversion from 'unsigned int' to 'float', possible loss of data
c:\users\aaron\source\the_crucible\crucible_game\camera.h(36): warning C4244: 'argument': conversion from 'const unsigned int' to 'float', possible loss of data
c:\users\aaron\source\the_crucible\crucible_game\pathfinder.h(85): warning C4244: 'initializing': conversion from 'std::numeric_limits<int>::_Ty' to 'float', possible loss of data
c:\users\aaron\source\the_crucible\crucible_game\pathfinder.h(92): warning C4244: '=': conversion from 'int' to 'float', possible loss of data
c:\users\aaron\source\the_crucible\crucible_game\pathfinder.h(99): warning C4244: 'initializing': conversion from 'std::numeric_limits<int>::_Ty' to 'float', possible loss of data
c:\users\aaron\source\the_crucible\crucible_game\pathfinder.h(106): warning C4244: '=': conversion from 'int' to 'float', possible loss of data
c:\users\aaron\source\the_crucible\crucible_game\pathfinder.h(161): warning C4244: 'initializing': conversion from 'int' to 'float', possible loss of data
c:\users\aaron\source\the_crucible\crucible_game\loot.h(19): warning C4244: 'argument': conversion from 'int' to 'float', possible loss of data
c:\users\aaron\source\the_crucible\crucible_game\loot.h(23): warning C4244: 'argument': conversion from 'int' to 'float', possible loss of data
c:\users\aaron\source\the_crucible\crucible_game\teststate.cpp(13): warning C4305: 'argument': truncation from 'double' to 'float'
c:\users\aaron\source\the_crucible\crucible_game\teststate.cpp(86): warning C4244: 'argument': conversion from 'unsigned int' to 'float', possible loss of data
  Generating Code...
  Crucible_Game.vcxproj -> C:\Users\Aaron\source\The_Crucible\x64\Debug\Crucible_Game.exe
